<?xml version="1.0" encoding="utf-8"?><testsuites name="pytest tests"><testsuite name="pytest" errors="0" failures="0" skipped="0" tests="14" time="1.843" timestamp="2026-07-28T20:38:07.598049+00:00" hostname="agent-env-fbd8de37-0dcf-4739-b312-0e4382c6e31b"><testcase classname="tests.backend_test.TestNewsletter" name="test_subscribe_duplicate_and_list" time="0.430" /><testcase classname="tests.backend_test.TestContact" name="test_create_and_persist" time="0.481" /><testcase classname="tests.backend_test.TestNewsletter" name="test_invalid_email" time="0.092" /><testcase classname="tests.backend_test.TestContact" name="test_optional_subject_defaults" time="0.098" /><testcase classname="tests.backend_test.TestNewsletter" name="test_missing_body" time="0.046" /><testcase classname="tests.backend_test.TestNewsletter" name="test_case_sensitivity_duplicate" time="0.132" /><testcase classname="tests.backend_test.TestContact" name="test_validation_errors[payload0]" time="0.055" /><testcase classname="tests.backend_test.TestContact" name="test_validation_errors[payload1]" time="0.094" /><testcase classname="tests.backend_test.TestHealth" name="test_root" time="0.086" /><testcase classname="tests.backend_test.TestContact" name="test_validation_errors[payload2]" time="0.058" /><testcase classname="tests.backend_test.TestContact" name="test_validation_errors[payload3]" time="0.051" /><testcase classname="tests.backend_test" name="test_zz_cleanup" time="0.084" /><testcase classname="tests.backend_test.TestContact" name="test_validation_errors[payload4]" time="0.054" /><testcase classname="tests.backend_test.TestContact" name="test_empty_strings_accepted_or_rejected" time="0.048" /></testsuite></testsuites>