<?xml version="1.0" encoding="utf-8"?><testsuites name="pytest tests"><testsuite name="pytest" errors="0" failures="0" skipped="1" tests="14" time="1.821" timestamp="2026-07-28T20:07:16.367656+00:00" hostname="agent-env-fbd8de37-0dcf-4739-b312-0e4382c6e31b"><testcase classname="tests.backend_test.TestNewsletter" name="test_subscribe_duplicate_and_list" time="0.381" /><testcase classname="tests.backend_test.TestContact" name="test_create_and_persist" time="0.338" /><testcase classname="tests.backend_test.TestContact" name="test_optional_subject_defaults" time="0.086" /><testcase classname="tests.backend_test.TestNewsletter" name="test_invalid_email" time="0.052" /><testcase classname="tests.backend_test.TestContact" name="test_validation_errors[payload0]" time="0.053" /><testcase classname="tests.backend_test.TestNewsletter" name="test_missing_body" time="0.086" /><testcase classname="tests.backend_test.TestContact" name="test_validation_errors[payload1]" time="0.052" /><testcase classname="tests.backend_test.TestNewsletter" name="test_case_sensitivity_duplicate" time="0.176"><skipped type="pytest.skip" message="Known minor: emails not normalized/lowercased -&gt; duplicate subscriptions possible">/app/backend/tests/backend_test.py:124: Known minor: emails not normalized/lowercased -&gt; duplicate subscriptions possible</skipped></testcase><testcase classname="tests.backend_test.TestContact" name="test_validation_errors[payload2]" time="0.048" /><testcase classname="tests.backend_test.TestContact" name="test_validation_errors[payload3]" time="0.043" /><testcase classname="tests.backend_test.TestContact" name="test_validation_errors[payload4]" time="0.047" /><testcase classname="tests.backend_test.TestContact" name="test_empty_strings_accepted_or_rejected" time="0.049" /><testcase classname="tests.backend_test.TestHealth" name="test_root" time="0.049" /><testcase classname="tests.backend_test" name="test_zz_cleanup" time="0.088" /></testsuite></testsuites>